Using pre-set license
Built from '2020.2/staging' branch; Version is '2020.2.7f1 (c53830e277f1) revision 12924976'; Using compiler version '192528614'; Build Type 'Release'
OS: 'Windows 10 Home Single Language; OS build 19042.1165; Version 2009; 64bit' Language: 'en' Physical Memory: 7617 MB
BatchMode: 1, IsHumanControllingUs: 0, StartBugReporterOnCrash: 0, Is64bit: 1, IsPro: 0

 COMMAND LINE ARGUMENTS:
D:\Unity\2020.2.7f1\Editor\Unity.exe
-adb2
-batchMode
-noUpm
-name
AssetImportWorker0
-projectPath
E:/Unity Projects/FPS Arms
-logFile
Logs/AssetImportWorker0.log
-srvPort
50260
Successfully changed project path to: E:/Unity Projects/FPS Arms
E:/Unity Projects/FPS Arms
Using Asset Import Pipeline V2.
Refreshing native plugins compatible for Editor in 107.08 ms, found 0 plugins.
Preloading 0 native plugins for Editor in 0.00 ms.
Initialize engine version: 2020.2.7f1 (c53830e277f1)
[Subsystems] Discovering subsystems at path D:/Unity/2020.2.7f1/Editor/Data/Resources/UnitySubsystems
[Subsystems] Discovering subsystems at path E:/Unity Projects/FPS Arms/Assets
GfxDevice: creating device client; threaded=0
Direct3D:
    Version:  Direct3D 11.0 [level 11.1]
    Renderer: NVIDIA GeForce GTX 1650 (ID=0x1f91)
    Vendor:   
    VRAM:     3962 MB
    Driver:   27.21.14.6677
Initialize mono
Mono path[0] = 'D:/Unity/2020.2.7f1/Editor/Data/Managed'
Mono path[1] = 'D:/Unity/2020.2.7f1/Editor/Data/MonoBleedingEdge/lib/mono/unityjit'
Mono config path = 'D:/Unity/2020.2.7f1/Editor/Data/MonoBleedingEdge/etc'
Using monoOptions --debugger-agent=transport=dt_socket,embedding=1,server=y,suspend=n,address=127.0.0.1:56292
Begin MonoManager ReloadAssembly
Registering precompiled unity dll's ...
Register platform support module: D:/Unity/2020.2.7f1/Editor/Data/PlaybackEngines/WindowsStandaloneSupport/UnityEditor.WindowsStandalone.Extensions.dll
Registered in 0.002302 seconds.
Native extension for WindowsStandalone target not found
Refreshing native plugins compatible for Editor in 104.05 ms, found 0 plugins.
Preloading 0 native plugins for Editor in 0.00 ms.
Invoked RoslynAnalysisRunner static constructor.
RoslynAnalysisRunner will not be running.
RoslynAnalysisRunner has terminated.
Mono: successfully reloaded assembly
- Completed reload, in  3.282 seconds
Platform modules already initialized, skipping
Registering precompiled user dll's ...
Registered in 0.002736 seconds.
Begin MonoManager ReloadAssembly
Native extension for WindowsStandalone target not found
Refreshing native plugins compatible for Editor in 107.42 ms, found 0 plugins.
Preloading 0 native plugins for Editor in 0.00 ms.
Invoked RoslynAnalysisRunner static constructor.
RoslynAnalysisRunner will not be running.
RoslynAnalysisRunner has terminated.
Mono: successfully reloaded assembly
- Completed reload, in  2.096 seconds
Platform modules already initialized, skipping
========================================================================
Worker process is ready to serve import requests
Shader 'Universal Render Pipeline/Particles/Lit': fallback shader 'Universal Render Pipeline/Particles/SimpleLit' not found
Shader 'Universal Render Pipeline/Particles/Lit': fallback shader 'Universal Render Pipeline/Particles/SimpleLit' not found
Launched and connected shader compiler UnityShaderCompiler.exe after 0.14 seconds
Refreshing native plugins compatible for Editor in 1.23 ms, found 0 plugins.
Preloading 0 native plugins for Editor in 0.00 ms.
Unloading 2809 Unused Serialized files (Serialized files now loaded: 0)
System memory in use before: 127.7 MB.
System memory in use after: 125.5 MB.

Unloading 46 unused Assets to reduce memory usage. Loaded Objects now: 3220.
Total: 8.231000 ms (FindLiveObjects: 0.926200 ms CreateObjectMapping: 0.175800 ms MarkObjects: 4.376600 ms  DeleteObjects: 2.747500 ms)

========================================================================
Received Import Request.
  path: Assets/Scenes/TestScene/CosmicCoolCloud.mat
  artifactKey: Guid(958ad01e6de038340a30b46b90cab6b9) Importer(815301076,1909f56bfc062723c751e8b465ee728b)
Start importing Assets/Scenes/TestScene/CosmicCoolCloud.mat using Guid(958ad01e6de038340a30b46b90cab6b9) Importer(815301076,1909f56bfc062723c751e8b465ee728b)  -> (artifact id: '6bc16055f25f7ad8372d904e8ac1b2d3') in 0.956100 seconds
  Import took 0.965905 seconds .

========================================================================
Received Import Request.
  Time since last request: 158.930512 seconds.
  path: Assets/Packages/URP/ExampleAssets/Textures/Drywall/Drywall_Albedo.tif
  artifactKey: Guid(eae496078d11426448124eaf8b285e6b) Importer(815301076,1909f56bfc062723c751e8b465ee728b)
Start importing Assets/Packages/URP/ExampleAssets/Textures/Drywall/Drywall_Albedo.tif using Guid(eae496078d11426448124eaf8b285e6b) Importer(815301076,1909f56bfc062723c751e8b465ee728b)  -> (artifact id: '05a031d91d37d0f710b7ffd88b01da74') in 0.394796 seconds
  Import took 0.410121 seconds .

========================================================================
Received Import Request.
  Time since last request: 0.000559 seconds.
  path: Assets/Packages/URP/ExampleAssets/Textures/Wood/OBS_Albedo.tif
  artifactKey: Guid(7140a9bc83a12ea49a081dda89216fff) Importer(815301076,1909f56bfc062723c751e8b465ee728b)
Start importing Assets/Packages/URP/ExampleAssets/Textures/Wood/OBS_Albedo.tif using Guid(7140a9bc83a12ea49a081dda89216fff) Importer(815301076,1909f56bfc062723c751e8b465ee728b)  -> (artifact id: 'fcd133b8eb92b9498e5cca5043e2cafc') in 0.086796 seconds
  Import took 0.118737 seconds .

========================================================================
Received Import Request.
  Time since last request: 0.000530 seconds.
  path: Assets/Packages/URP/ExampleAssets/Textures/Props/Hammer/Hammer_MetallicOcculusionSmoothness.tif
  artifactKey: Guid(6c509e4ae024b5e4faeefb92dab5c812) Importer(815301076,1909f56bfc062723c751e8b465ee728b)
Start importing Assets/Packages/URP/ExampleAssets/Textures/Props/Hammer/Hammer_MetallicOcculusionSmoothness.tif using Guid(6c509e4ae024b5e4faeefb92dab5c812) Importer(815301076,1909f56bfc062723c751e8b465ee728b)  -> (artifact id: '22917bada137b94d985c7be2b4729c1d') in 0.189477 seconds
  Import took 0.199937 seconds .

========================================================================
Received Import Request.
  Time since last request: 0.000604 seconds.
  path: Assets/Packages/URP/ExampleAssets/Textures/Wood/OBS_MetallicOcculusionSmoothness.tif
  artifactKey: Guid(22638a9216f1ebf4cb43273a00879f51) Importer(815301076,1909f56bfc062723c751e8b465ee728b)
Start importing Assets/Packages/URP/ExampleAssets/Textures/Wood/OBS_MetallicOcculusionSmoothness.tif using Guid(22638a9216f1ebf4cb43273a00879f51) Importer(815301076,1909f56bfc062723c751e8b465ee728b)  -> (artifact id: '3a024f7bd15ef6c85c3283ad46d07ffb') in 0.124533 seconds
  Import took 0.135067 seconds .

========================================================================
Received Import Request.
  Time since last request: 0.000474 seconds.
  path: Assets/Packages/URP/ExampleAssets/Textures/Wood/OBS_Normal.tif
  artifactKey: Guid(fcce267dfc966b6408dc2ebe0cfb60ed) Importer(815301076,1909f56bfc062723c751e8b465ee728b)
Start importing Assets/Packages/URP/ExampleAssets/Textures/Wood/OBS_Normal.tif using Guid(fcce267dfc966b6408dc2ebe0cfb60ed) Importer(815301076,1909f56bfc062723c751e8b465ee728b)  -> (artifact id: '2ba56f7527f6d03479297b76af3069ff') in 0.128003 seconds
  Import took 0.138416 seconds .

========================================================================
Received Import Request.
  Time since last request: 0.000555 seconds.
  path: Assets/Packages/URP/ExampleAssets/Textures/Plastic/Elastic_MetallicOcculusionSmoothness.tif
  artifactKey: Guid(f5df2fb0c070b57429f8ca23b216093b) Importer(815301076,1909f56bfc062723c751e8b465ee728b)
Start importing Assets/Packages/URP/ExampleAssets/Textures/Plastic/Elastic_MetallicOcculusionSmoothness.tif using Guid(f5df2fb0c070b57429f8ca23b216093b) Importer(815301076,1909f56bfc062723c751e8b465ee728b)  -> (artifact id: 'dcea4c739e4445c9a9333ab220d85539') in 0.201959 seconds
  Import took 0.249972 seconds .

========================================================================
Received Import Request.
  Time since last request: 0.000526 seconds.
  path: Assets/Packages/URP/ExampleAssets/Textures/Metal/Metal_MetallicSmoothness.tif
  artifactKey: Guid(40da0395b61db4448b98bab66d6b549c) Importer(815301076,1909f56bfc062723c751e8b465ee728b)
Start importing Assets/Packages/URP/ExampleAssets/Textures/Metal/Metal_MetallicSmoothness.tif using Guid(40da0395b61db4448b98bab66d6b549c) Importer(815301076,1909f56bfc062723c751e8b465ee728b)  -> (artifact id: 'a5cff2b28a4e85cb89114e28be682840') in 0.214537 seconds
  Import took 0.223396 seconds .

========================================================================
Received Import Request.
  Time since last request: 0.000492 seconds.
  path: Assets/Packages/URP/ExampleAssets/Textures/Metal/Metal_Normal.tif
  artifactKey: Guid(3b0b7c1f4ac9f6b499e27cf84e722ff4) Importer(815301076,1909f56bfc062723c751e8b465ee728b)
Start importing Assets/Packages/URP/ExampleAssets/Textures/Metal/Metal_Normal.tif using Guid(3b0b7c1f4ac9f6b499e27cf84e722ff4) Importer(815301076,1909f56bfc062723c751e8b465ee728b)  -> (artifact id: '1fc386a6413c00b02653716480480364') in 0.089662 seconds
  Import took 0.099533 seconds .

========================================================================
Received Import Request.
  Time since last request: 0.000634 seconds.
  path: Assets/Packages/URP/ExampleAssets/Textures/Drywall/Drywall_AlbedoSmoothness.tif
  artifactKey: Guid(3e11968c372730442aae3b4f7c909931) Importer(815301076,1909f56bfc062723c751e8b465ee728b)
Start importing Assets/Packages/URP/ExampleAssets/Textures/Drywall/Drywall_AlbedoSmoothness.tif using Guid(3e11968c372730442aae3b4f7c909931) Importer(815301076,1909f56bfc062723c751e8b465ee728b)  -> (artifact id: 'ff4b76666ef660afd12620f158bcc009') in 0.099935 seconds
  Import took 0.112357 seconds .

========================================================================
Received Import Request.
  Time since last request: 0.000607 seconds.
  path: Assets/Packages/URP/ExampleAssets/Textures/Drywall/Drywall_Normal.tif
  artifactKey: Guid(e231e4c02c48ee14aafa55f7b1a843c1) Importer(815301076,1909f56bfc062723c751e8b465ee728b)
Start importing Assets/Packages/URP/ExampleAssets/Textures/Drywall/Drywall_Normal.tif using Guid(e231e4c02c48ee14aafa55f7b1a843c1) Importer(815301076,1909f56bfc062723c751e8b465ee728b)  -> (artifact id: '848e592cea122acc1c06ccae1e8e908f') in 0.110311 seconds
  Import took 0.120589 seconds .

========================================================================
Received Import Request.
  Time since last request: 0.000696 seconds.
  path: Assets/Packages/URP/ExampleAssets/Textures/Plastic/Elastic_Normal.tif
  artifactKey: Guid(db17334dfe5991a4bbe241ee9a728c38) Importer(815301076,1909f56bfc062723c751e8b465ee728b)
Start importing Assets/Packages/URP/ExampleAssets/Textures/Plastic/Elastic_Normal.tif using Guid(db17334dfe5991a4bbe241ee9a728c38) Importer(815301076,1909f56bfc062723c751e8b465ee728b)  -> (artifact id: 'e7810b2cd7a8838a4ece2a0e515d6001') in 0.155615 seconds
  Import took 0.179282 seconds .

========================================================================
Received Import Request.
  Time since last request: 0.000541 seconds.
  path: Assets/Packages/URP/ExampleAssets/Textures/Metal/Metal_Albedo.tif
  artifactKey: Guid(77583f99dea53b641804bb357092ec83) Importer(815301076,1909f56bfc062723c751e8b465ee728b)
Start importing Assets/Packages/URP/ExampleAssets/Textures/Metal/Metal_Albedo.tif using Guid(77583f99dea53b641804bb357092ec83) Importer(815301076,1909f56bfc062723c751e8b465ee728b)  -> (artifact id: 'ecd73c212e0dcf5c87fb397bed466282') in 0.054261 seconds
  Import took 0.063795 seconds .

========================================================================
Received Import Request.
  Time since last request: 0.000527 seconds.
  path: Assets/Packages/URP/ExampleAssets/Textures/Props/Hammer/Hammer_Albedo.tif
  artifactKey: Guid(59c8de363dc14c54986d0751c2c38342) Importer(815301076,1909f56bfc062723c751e8b465ee728b)
Start importing Assets/Packages/URP/ExampleAssets/Textures/Props/Hammer/Hammer_Albedo.tif using Guid(59c8de363dc14c54986d0751c2c38342) Importer(815301076,1909f56bfc062723c751e8b465ee728b)  -> (artifact id: '8dc48cf79ae81412bc2447c71b079ffa') in 0.070913 seconds
  Import took 0.080114 seconds .

========================================================================
Received Import Request.
  Time since last request: 0.000544 seconds.
  path: Assets/Packages/URP/ExampleAssets/Textures/Drywall/Drywall_Albedo.tif
  artifactKey: Guid(eae496078d11426448124eaf8b285e6b) Importer(815301076,1909f56bfc062723c751e8b465ee728b)
Start importing Assets/Packages/URP/ExampleAssets/Textures/Drywall/Drywall_Albedo.tif using Guid(eae496078d11426448124eaf8b285e6b) Importer(815301076,1909f56bfc062723c751e8b465ee728b)  -> (artifact id: '05a031d91d37d0f710b7ffd88b01da74') in 0.015694 seconds
  Import took 0.027453 seconds .

========================================================================
Received Import Request.
  Time since last request: 0.000498 seconds.
  path: Assets/Packages/URP/ExampleAssets/Textures/Props/Hammer/Hammer_Normal.tif
  artifactKey: Guid(c517a9b1527aec343806327b47ad22df) Importer(815301076,1909f56bfc062723c751e8b465ee728b)
Start importing Assets/Packages/URP/ExampleAssets/Textures/Props/Hammer/Hammer_Normal.tif using Guid(c517a9b1527aec343806327b47ad22df) Importer(815301076,1909f56bfc062723c751e8b465ee728b)  -> (artifact id: '380e586a2f540984fdfd0c20f23cbd8f') in 0.071504 seconds
  Import took 0.081672 seconds .

========================================================================
Received Import Request.
  Time since last request: 0.000616 seconds.
  path: Assets/Packages/URP/ExampleAssets/Textures/Drywall/DrywallPainted_Normal.tif
  artifactKey: Guid(2cd242c9999e92b4ca96dab876cfaf13) Importer(815301076,1909f56bfc062723c751e8b465ee728b)
Start importing Assets/Packages/URP/ExampleAssets/Textures/Drywall/DrywallPainted_Normal.tif using Guid(2cd242c9999e92b4ca96dab876cfaf13) Importer(815301076,1909f56bfc062723c751e8b465ee728b)  -> (artifact id: '5e1363560444c1348fef17d7c0accafd') in 0.054323 seconds
  Import took 0.064557 seconds .

========================================================================
Received Import Request.
  Time since last request: 0.000475 seconds.
  path: Assets/Packages/URP/TutorialInfo/Icons/Help_Icon.png
  artifactKey: Guid(34f556d724b1bbf4097ca6220db2c581) Importer(815301076,1909f56bfc062723c751e8b465ee728b)
Start importing Assets/Packages/URP/TutorialInfo/Icons/Help_Icon.png using Guid(34f556d724b1bbf4097ca6220db2c581) Importer(815301076,1909f56bfc062723c751e8b465ee728b)  -> (artifact id: '542afc9b9e83a32b08a724f257ad2cfd') in 0.094849 seconds
  Import took 0.105231 seconds .

========================================================================
Received Import Request.
  Time since last request: 19.456251 seconds.
  path: Assets/Scenes/TestScene/CosmicCoolCloud.mat
  artifactKey: Guid(f531e09e2ad2fb440b4eed7605863143) Importer(815301076,1909f56bfc062723c751e8b465ee728b)
Start importing Assets/Scenes/TestScene/CosmicCoolCloud.mat using Guid(f531e09e2ad2fb440b4eed7605863143) Importer(815301076,1909f56bfc062723c751e8b465ee728b)  -> (artifact id: '612ed650573d619c0d29098e9f9cc3d5') in 0.024865 seconds
  Import took 0.167346 seconds .

========================================================================
Received Import Request.
  Time since last request: 41.322304 seconds.
  path: Assets/Scenes/TestScene/CosmicCoolCloudBack.hdr
  artifactKey: Guid(db3727ddbad2d80499833b8041bca6df) Importer(815301076,1909f56bfc062723c751e8b465ee728b)
Start importing Assets/Scenes/TestScene/CosmicCoolCloudBack.hdr using Guid(db3727ddbad2d80499833b8041bca6df) Importer(815301076,1909f56bfc062723c751e8b465ee728b)  -> (artifact id: '2ad30b041299c15d930eba5c16c0e5b6') in 0.062153 seconds
  Import took 0.072810 seconds .

========================================================================
Received Import Request.
  Time since last request: 8.309546 seconds.
  path: Assets/Scenes/TestScene/Skybox
  artifactKey: Guid(c7f280fbc1633cf48bc5a86b60de61a3) Importer(815301076,1909f56bfc062723c751e8b465ee728b)
Start importing Assets/Scenes/TestScene/Skybox using Guid(c7f280fbc1633cf48bc5a86b60de61a3) Importer(815301076,1909f56bfc062723c751e8b465ee728b)  -> (artifact id: 'e787efe01837fe8aaf41e95b985f97ce') in 0.016470 seconds
  Import took 0.026809 seconds .

========================================================================
Received Import Request.
  Time since last request: 80.955276 seconds.
  path: Assets/Scenes/TestScene/Skybox/CosmicCoolCloudBack 1.hdr
  artifactKey: Guid(13f7b8278ce6e514f955d4d051b28368) Importer(815301076,1909f56bfc062723c751e8b465ee728b)
Start importing Assets/Scenes/TestScene/Skybox/CosmicCoolCloudBack 1.hdr using Guid(13f7b8278ce6e514f955d4d051b28368) Importer(815301076,1909f56bfc062723c751e8b465ee728b)  -> (artifact id: '570b5565a3f23afa41936d42bf185f82') in 0.079272 seconds
  Import took 0.100325 seconds .

========================================================================
Received Import Request.
  Time since last request: 0.000652 seconds.
  path: Assets/Scenes/TestScene/Skybox/CosmicCoolCloudRight.hdr
  artifactKey: Guid(438e868ac8cccca4e81873838a67c003) Importer(815301076,1909f56bfc062723c751e8b465ee728b)
Start importing Assets/Scenes/TestScene/Skybox/CosmicCoolCloudRight.hdr using Guid(438e868ac8cccca4e81873838a67c003) Importer(815301076,1909f56bfc062723c751e8b465ee728b)  -> (artifact id: '7f4552199f005cf69c651961189faa50') in 0.035411 seconds
  Import took 0.046503 seconds .

========================================================================
Received Import Request.
  Time since last request: 0.000492 seconds.
  path: Assets/Scenes/TestScene/Skybox/CosmicCoolCloudTop.hdr
  artifactKey: Guid(a199da0432efa6a489df8883d1f3bfe0) Importer(815301076,1909f56bfc062723c751e8b465ee728b)
Start importing Assets/Scenes/TestScene/Skybox/CosmicCoolCloudTop.hdr using Guid(a199da0432efa6a489df8883d1f3bfe0) Importer(815301076,1909f56bfc062723c751e8b465ee728b)  -> (artifact id: '7e0659cdbd31d99283e4aa7e8eed6217') in 0.034220 seconds
  Import took 0.044674 seconds .

========================================================================
Received Import Request.
  Time since last request: 0.000670 seconds.
  path: Assets/Scenes/TestScene/Skybox/CosmicCoolCloudLeft.hdr
  artifactKey: Guid(740f96d568f4f3e40b049c40f11603e5) Importer(815301076,1909f56bfc062723c751e8b465ee728b)
Start importing Assets/Scenes/TestScene/Skybox/CosmicCoolCloudLeft.hdr using Guid(740f96d568f4f3e40b049c40f11603e5) Importer(815301076,1909f56bfc062723c751e8b465ee728b)  -> (artifact id: '3e34f32fb897a2f0776c406f1bd0e6a2') in 0.032617 seconds
  Import took 0.042688 seconds .

========================================================================
Received Import Request.
  Time since last request: 0.000456 seconds.
  path: Assets/Scenes/TestScene/Skybox/CosmicCoolCloudFront.hdr
  artifactKey: Guid(d822c5eff7d42f04691027bc8c2b0716) Importer(815301076,1909f56bfc062723c751e8b465ee728b)
Start importing Assets/Scenes/TestScene/Skybox/CosmicCoolCloudFront.hdr using Guid(d822c5eff7d42f04691027bc8c2b0716) Importer(815301076,1909f56bfc062723c751e8b465ee728b)  -> (artifact id: '7f50a6818e1464a781e089e47bcc6bba') in 0.042101 seconds
  Import took 0.054337 seconds .

========================================================================
Received Import Request.
  Time since last request: 0.000423 seconds.
  path: Assets/Scenes/TestScene/Skybox/CosmicCoolCloudBack 1.hdr
  artifactKey: Guid(13f7b8278ce6e514f955d4d051b28368) Importer(815301076,1909f56bfc062723c751e8b465ee728b)
Start importing Assets/Scenes/TestScene/Skybox/CosmicCoolCloudBack 1.hdr using Guid(13f7b8278ce6e514f955d4d051b28368) Importer(815301076,1909f56bfc062723c751e8b465ee728b)  -> (artifact id: '570b5565a3f23afa41936d42bf185f82') in 0.036618 seconds
  Import took 0.047455 seconds .

========================================================================
Received Import Request.
  Time since last request: 0.000679 seconds.
  path: Assets/Scenes/TestScene/Skybox/CosmicCoolCloudBottom.hdr
  artifactKey: Guid(94b877781ad034640abce933599b6f2e) Importer(815301076,1909f56bfc062723c751e8b465ee728b)
Start importing Assets/Scenes/TestScene/Skybox/CosmicCoolCloudBottom.hdr using Guid(94b877781ad034640abce933599b6f2e) Importer(815301076,1909f56bfc062723c751e8b465ee728b)  -> (artifact id: 'f0a175b33036564856355501c64bf532') in 0.027966 seconds
  Import took 0.039235 seconds .

========================================================================
Received Import Request.
  Time since last request: 98.559282 seconds.
  path: Assets/Scenes/TestScene/Player/Scripts/ObjectDetector.cs
  artifactKey: Guid(87c14c0784b23874296eae0d692ec2d5) Importer(815301076,1909f56bfc062723c751e8b465ee728b)
Start importing Assets/Scenes/TestScene/Player/Scripts/ObjectDetector.cs using Guid(87c14c0784b23874296eae0d692ec2d5) Importer(815301076,1909f56bfc062723c751e8b465ee728b)  -> (artifact id: '617c9e004fa9da50805534e01c5a95c5') in 0.019070 seconds
  Import took 0.029038 seconds .

========================================================================
Received Prepare
Registering precompiled user dll's ...
Registered in 0.005417 seconds.
Begin MonoManager ReloadAssembly
Native extension for WindowsStandalone target not found
Refreshing native plugins compatible for Editor in 3.31 ms, found 0 plugins.
Preloading 0 native plugins for Editor in 0.00 ms.
Invoked RoslynAnalysisRunner static constructor.
RoslynAnalysisRunner will not be running.
RoslynAnalysisRunner has terminated.
Mono: successfully reloaded assembly
- Completed reload, in  2.986 seconds
Platform modules already initialized, skipping
Shader 'Universal Render Pipeline/Particles/Lit': fallback shader 'Universal Render Pipeline/Particles/SimpleLit' not found
Shader 'Universal Render Pipeline/Particles/Lit': fallback shader 'Universal Render Pipeline/Particles/SimpleLit' not found
Refreshing native plugins compatible for Editor in 1.16 ms, found 0 plugins.
Preloading 0 native plugins for Editor in 0.00 ms.
Unloading 2712 Unused Serialized files (Serialized files now loaded: 0)
System memory in use before: 128.3 MB.
System memory in use after: 126.0 MB.

Unloading 41 unused Assets to reduce memory usage. Loaded Objects now: 3308.
Total: 9.519800 ms (FindLiveObjects: 0.911400 ms CreateObjectMapping: 0.205100 ms MarkObjects: 5.573200 ms  DeleteObjects: 2.826400 ms)

========================================================================
Received Prepare
Registering precompiled user dll's ...
Registered in 0.004195 seconds.
Begin MonoManager ReloadAssembly
Native extension for WindowsStandalone target not found
Refreshing native plugins compatible for Editor in 1.53 ms, found 0 plugins.
Preloading 0 native plugins for Editor in 0.00 ms.
Invoked RoslynAnalysisRunner static constructor.
RoslynAnalysisRunner will not be running.
RoslynAnalysisRunner has terminated.
Mono: successfully reloaded assembly
- Completed reload, in  2.079 seconds
Platform modules already initialized, skipping
Shader 'Universal Render Pipeline/Particles/Lit': fallback shader 'Universal Render Pipeline/Particles/SimpleLit' not found
Shader 'Universal Render Pipeline/Particles/Lit': fallback shader 'Universal Render Pipeline/Particles/SimpleLit' not found
Refreshing native plugins compatible for Editor in 1.68 ms, found 0 plugins.
Preloading 0 native plugins for Editor in 0.00 ms.
Unloading 2712 Unused Serialized files (Serialized files now loaded: 0)
System memory in use before: 128.3 MB.
System memory in use after: 126.1 MB.

Unloading 41 unused Assets to reduce memory usage. Loaded Objects now: 3311.
Total: 14.232200 ms (FindLiveObjects: 1.264300 ms CreateObjectMapping: 0.671800 ms MarkObjects: 6.681100 ms  DeleteObjects: 5.609900 ms)

========================================================================
Received Import Request.
  Time since last request: 243.158035 seconds.
  path: Assets/Scenes/TestScene/Player/Scripts/ObjectDetector.cs
  artifactKey: Guid(87c14c0784b23874296eae0d692ec2d5) Importer(815301076,1909f56bfc062723c751e8b465ee728b)
Start importing Assets/Scenes/TestScene/Player/Scripts/ObjectDetector.cs using Guid(87c14c0784b23874296eae0d692ec2d5) Importer(815301076,1909f56bfc062723c751e8b465ee728b)  -> (artifact id: '3023e82ece2ed3237f15825c5c029589') in 0.026142 seconds
  Import took 0.260394 seconds .

========================================================================
Received Prepare
Registering precompiled user dll's ...
Registered in 0.002630 seconds.
Begin MonoManager ReloadAssembly
Native extension for WindowsStandalone target not found
Refreshing native plugins compatible for Editor in 1.31 ms, found 0 plugins.
Preloading 0 native plugins for Editor in 0.00 ms.
Invoked RoslynAnalysisRunner static constructor.
RoslynAnalysisRunner will not be running.
RoslynAnalysisRunner has terminated.
Mono: successfully reloaded assembly
- Completed reload, in  2.463 seconds
Platform modules already initialized, skipping
Shader 'Universal Render Pipeline/Particles/Lit': fallback shader 'Universal Render Pipeline/Particles/SimpleLit' not found
Shader 'Universal Render Pipeline/Particles/Lit': fallback shader 'Universal Render Pipeline/Particles/SimpleLit' not found
Refreshing native plugins compatible for Editor in 1.63 ms, found 0 plugins.
Preloading 0 native plugins for Editor in 0.00 ms.
Unloading 2712 Unused Serialized files (Serialized files now loaded: 0)
System memory in use before: 128.4 MB.
System memory in use after: 126.1 MB.

Unloading 41 unused Assets to reduce memory usage. Loaded Objects now: 3314.
Total: 11.503400 ms (FindLiveObjects: 1.185400 ms CreateObjectMapping: 0.655300 ms MarkObjects: 6.151700 ms  DeleteObjects: 3.506800 ms)

========================================================================
Received Import Request.
  Time since last request: 335.584977 seconds.
  path: Assets/Scenes/TestScene/Player/Scripts/ObjectDetector.cs
  artifactKey: Guid(87c14c0784b23874296eae0d692ec2d5) Importer(815301076,1909f56bfc062723c751e8b465ee728b)
Start importing Assets/Scenes/TestScene/Player/Scripts/ObjectDetector.cs using Guid(87c14c0784b23874296eae0d692ec2d5) Importer(815301076,1909f56bfc062723c751e8b465ee728b)  -> (artifact id: 'f5f3624fabcf5d64862371bd10c68e71') in 0.014314 seconds
  Import took 0.618999 seconds .

========================================================================
Received Import Request.
  Time since last request: 198.243296 seconds.
  path: Assets/Scenes/TestScene/Player/Scripts/ObjectDetector.cs
  artifactKey: Guid(87c14c0784b23874296eae0d692ec2d5) Importer(815301076,1909f56bfc062723c751e8b465ee728b)
Start importing Assets/Scenes/TestScene/Player/Scripts/ObjectDetector.cs using Guid(87c14c0784b23874296eae0d692ec2d5) Importer(815301076,1909f56bfc062723c751e8b465ee728b)  -> (artifact id: '02d7894c03a6f9d4781c6738c1fe6598') in 0.007696 seconds
  Import took 0.094264 seconds .

========================================================================
Received Prepare
Registering precompiled user dll's ...
Registered in 0.003757 seconds.
Begin MonoManager ReloadAssembly
Native extension for WindowsStandalone target not found
Refreshing native plugins compatible for Editor in 1.16 ms, found 0 plugins.
Preloading 0 native plugins for Editor in 0.00 ms.
Invoked RoslynAnalysisRunner static constructor.
RoslynAnalysisRunner will not be running.
RoslynAnalysisRunner has terminated.
Mono: successfully reloaded assembly
- Completed reload, in  2.007 seconds
Platform modules already initialized, skipping
Shader 'Universal Render Pipeline/Particles/Lit': fallback shader 'Universal Render Pipeline/Particles/SimpleLit' not found
Shader 'Universal Render Pipeline/Particles/Lit': fallback shader 'Universal Render Pipeline/Particles/SimpleLit' not found
Refreshing native plugins compatible for Editor in 2.59 ms, found 0 plugins.
Preloading 0 native plugins for Editor in 0.00 ms.
Unloading 2712 Unused Serialized files (Serialized files now loaded: 0)
System memory in use before: 128.4 MB.
System memory in use after: 126.1 MB.

Unloading 41 unused Assets to reduce memory usage. Loaded Objects now: 3317.
Total: 17.638700 ms (FindLiveObjects: 2.042500 ms CreateObjectMapping: 0.941800 ms MarkObjects: 9.016000 ms  DeleteObjects: 5.631300 ms)

========================================================================
Received Import Request.
  Time since last request: 45.230798 seconds.
  path: Assets/Scenes/TestScene/Player/Scripts/ObjectDetector.cs
  artifactKey: Guid(87c14c0784b23874296eae0d692ec2d5) Importer(815301076,1909f56bfc062723c751e8b465ee728b)
Start importing Assets/Scenes/TestScene/Player/Scripts/ObjectDetector.cs using Guid(87c14c0784b23874296eae0d692ec2d5) Importer(815301076,1909f56bfc062723c751e8b465ee728b)  -> (artifact id: 'd40dcb39efd2827051debef466f895d4') in 0.019208 seconds
  Import took 0.357272 seconds .

========================================================================
Received Prepare
Registering precompiled user dll's ...
Registered in 0.003412 seconds.
Begin MonoManager ReloadAssembly
Native extension for WindowsStandalone target not found
Refreshing native plugins compatible for Editor in 1.19 ms, found 0 plugins.
Preloading 0 native plugins for Editor in 0.00 ms.
Invoked RoslynAnalysisRunner static constructor.
RoslynAnalysisRunner will not be running.
RoslynAnalysisRunner has terminated.
Mono: successfully reloaded assembly
- Completed reload, in  1.884 seconds
Platform modules already initialized, skipping
Shader 'Universal Render Pipeline/Particles/Lit': fallback shader 'Universal Render Pipeline/Particles/SimpleLit' not found
Shader 'Universal Render Pipeline/Particles/Lit': fallback shader 'Universal Render Pipeline/Particles/SimpleLit' not found
Refreshing native plugins compatible for Editor in 3.70 ms, found 0 plugins.
Preloading 0 native plugins for Editor in 0.00 ms.
Unloading 2712 Unused Serialized files (Serialized files now loaded: 0)
System memory in use before: 128.4 MB.
System memory in use after: 126.2 MB.

Unloading 41 unused Assets to reduce memory usage. Loaded Objects now: 3320.
Total: 20.660500 ms (FindLiveObjects: 1.942700 ms CreateObjectMapping: 0.851400 ms MarkObjects: 10.247600 ms  DeleteObjects: 7.614400 ms)

========================================================================
Received Import Request.
  Time since last request: 1208.951098 seconds.
  path: Assets/Scenes/TestScene/Player/Scripts/EquipSystem.cs
  artifactKey: Guid(e1b5355c975066c4095db1b854055386) Importer(815301076,1909f56bfc062723c751e8b465ee728b)
Start importing Assets/Scenes/TestScene/Player/Scripts/EquipSystem.cs using Guid(e1b5355c975066c4095db1b854055386) Importer(815301076,1909f56bfc062723c751e8b465ee728b)  -> (artifact id: 'fc3efa72dfa793fe95d087569ebf0ad7') in 0.031432 seconds
  Import took 0.073973 seconds .

========================================================================
Received Import Request.
  Time since last request: 0.050756 seconds.
  path: Assets/Scenes/TestScene/Player/Scripts/EquipSystem.cs
  artifactKey: Guid(e1b5355c975066c4095db1b854055386) Importer(815301076,1909f56bfc062723c751e8b465ee728b)
Start importing Assets/Scenes/TestScene/Player/Scripts/EquipSystem.cs using Guid(e1b5355c975066c4095db1b854055386) Importer(815301076,1909f56bfc062723c751e8b465ee728b)  -> (artifact id: 'fc3efa72dfa793fe95d087569ebf0ad7') in 0.006371 seconds
  Import took 0.017118 seconds .

========================================================================
Received Prepare
Registering precompiled user dll's ...
Registered in 0.003663 seconds.
Begin MonoManager ReloadAssembly
Native extension for WindowsStandalone target not found
Refreshing native plugins compatible for Editor in 1.17 ms, found 0 plugins.
Preloading 0 native plugins for Editor in 0.00 ms.
Invoked RoslynAnalysisRunner static constructor.
RoslynAnalysisRunner will not be running.
RoslynAnalysisRunner has terminated.
Mono: successfully reloaded assembly
- Completed reload, in  1.986 seconds
Platform modules already initialized, skipping
Shader 'Universal Render Pipeline/Particles/Lit': fallback shader 'Universal Render Pipeline/Particles/SimpleLit' not found
Shader 'Universal Render Pipeline/Particles/Lit': fallback shader 'Universal Render Pipeline/Particles/SimpleLit' not found
Refreshing native plugins compatible for Editor in 1.19 ms, found 0 plugins.
Preloading 0 native plugins for Editor in 0.00 ms.
Unloading 2713 Unused Serialized files (Serialized files now loaded: 0)
System memory in use before: 128.5 MB.
System memory in use after: 126.2 MB.

Unloading 41 unused Assets to reduce memory usage. Loaded Objects now: 3324.
Total: 12.226700 ms (FindLiveObjects: 0.873300 ms CreateObjectMapping: 0.124600 ms MarkObjects: 7.674100 ms  DeleteObjects: 3.551200 ms)

========================================================================
Received Import Request.
  Time since last request: 207.724267 seconds.
  path: Assets/Scenes/TestScene/Player/Scripts/EquipSystem.cs
  artifactKey: Guid(e1b5355c975066c4095db1b854055386) Importer(815301076,1909f56bfc062723c751e8b465ee728b)
Start importing Assets/Scenes/TestScene/Player/Scripts/EquipSystem.cs using Guid(e1b5355c975066c4095db1b854055386) Importer(815301076,1909f56bfc062723c751e8b465ee728b)  -> (artifact id: 'a17d5414459b252f7377fe9edaf6dca3') in 0.018028 seconds
  Import took 0.063119 seconds .

========================================================================
Received Import Request.
  Time since last request: 54.401224 seconds.
  path: Assets/Scenes/TestScene/Player/Scripts/EquipSystem.cs
  artifactKey: Guid(e1b5355c975066c4095db1b854055386) Importer(815301076,1909f56bfc062723c751e8b465ee728b)
Start importing Assets/Scenes/TestScene/Player/Scripts/EquipSystem.cs using Guid(e1b5355c975066c4095db1b854055386) Importer(815301076,1909f56bfc062723c751e8b465ee728b)  -> (artifact id: '38f54e95981a5fb9938ed0da7ee94117') in 0.007564 seconds
  Import took 0.044374 seconds .

========================================================================
Received Import Request.
  Time since last request: 31.768612 seconds.
  path: Assets/Scenes/TestScene/Player/Scripts/EquipSystem.cs
  artifactKey: Guid(e1b5355c975066c4095db1b854055386) Importer(815301076,1909f56bfc062723c751e8b465ee728b)
Start importing Assets/Scenes/TestScene/Player/Scripts/EquipSystem.cs using Guid(e1b5355c975066c4095db1b854055386) Importer(815301076,1909f56bfc062723c751e8b465ee728b)  -> (artifact id: 'a10203431dc6536044ee3574b7025eb1') in 0.006800 seconds
  Import took 0.051119 seconds .

========================================================================
Received Import Request.
  Time since last request: 104.887936 seconds.
  path: Assets/Scenes/TestScene/Player/Scripts/EquipSystem.cs
  artifactKey: Guid(e1b5355c975066c4095db1b854055386) Importer(815301076,1909f56bfc062723c751e8b465ee728b)
Start importing Assets/Scenes/TestScene/Player/Scripts/EquipSystem.cs using Guid(e1b5355c975066c4095db1b854055386) Importer(815301076,1909f56bfc062723c751e8b465ee728b)  -> (artifact id: '01603cfde9ed52a68218597dee42b46e') in 0.005413 seconds
  Import took 0.038228 seconds .

========================================================================
Received Prepare
Registering precompiled user dll's ...
Registered in 0.003647 seconds.
Begin MonoManager ReloadAssembly
Native extension for WindowsStandalone target not found
Refreshing native plugins compatible for Editor in 1.19 ms, found 0 plugins.
Preloading 0 native plugins for Editor in 0.00 ms.
Invoked RoslynAnalysisRunner static constructor.
RoslynAnalysisRunner will not be running.
RoslynAnalysisRunner has terminated.
Mono: successfully reloaded assembly
- Completed reload, in  1.958 seconds
Platform modules already initialized, skipping
Shader 'Universal Render Pipeline/Particles/Lit': fallback shader 'Universal Render Pipeline/Particles/SimpleLit' not found
Shader 'Universal Render Pipeline/Particles/Lit': fallback shader 'Universal Render Pipeline/Particles/SimpleLit' not found
Refreshing native plugins compatible for Editor in 1.77 ms, found 0 plugins.
Preloading 0 native plugins for Editor in 0.00 ms.
Unloading 2713 Unused Serialized files (Serialized files now loaded: 0)
System memory in use before: 128.4 MB.
System memory in use after: 126.2 MB.

Unloading 41 unused Assets to reduce memory usage. Loaded Objects now: 3327.
Total: 9.282900 ms (FindLiveObjects: 0.721300 ms CreateObjectMapping: 0.131500 ms MarkObjects: 4.754100 ms  DeleteObjects: 3.671300 ms)

========================================================================
Received Import Request.
  Time since last request: 46.595669 seconds.
  path: Assets/Scenes/TestScene/Player/Scripts/EquipSystem.cs
  artifactKey: Guid(e1b5355c975066c4095db1b854055386) Importer(815301076,1909f56bfc062723c751e8b465ee728b)
Start importing Assets/Scenes/TestScene/Player/Scripts/EquipSystem.cs using Guid(e1b5355c975066c4095db1b854055386) Importer(815301076,1909f56bfc062723c751e8b465ee728b)  -> (artifact id: '336baf3471510d3a3b5539e122984252') in 0.014594 seconds
  Import took 0.143945 seconds .

========================================================================
Received Prepare
Registering precompiled user dll's ...
Registered in 0.003365 seconds.
Begin MonoManager ReloadAssembly
Native extension for WindowsStandalone target not found
Refreshing native plugins compatible for Editor in 1.78 ms, found 0 plugins.
Preloading 0 native plugins for Editor in 0.00 ms.
Invoked RoslynAnalysisRunner static constructor.
RoslynAnalysisRunner will not be running.
RoslynAnalysisRunner has terminated.
Mono: successfully reloaded assembly
- Completed reload, in  2.197 seconds
Platform modules already initialized, skipping
Shader 'Universal Render Pipeline/Particles/Lit': fallback shader 'Universal Render Pipeline/Particles/SimpleLit' not found
Shader 'Universal Render Pipeline/Particles/Lit': fallback shader 'Universal Render Pipeline/Particles/SimpleLit' not found
Refreshing native plugins compatible for Editor in 1.20 ms, found 0 plugins.
Preloading 0 native plugins for Editor in 0.00 ms.
Unloading 2713 Unused Serialized files (Serialized files now loaded: 0)
System memory in use before: 128.5 MB.
System memory in use after: 126.2 MB.

Unloading 41 unused Assets to reduce memory usage. Loaded Objects now: 3330.
Total: 11.374200 ms (FindLiveObjects: 0.779000 ms CreateObjectMapping: 0.150500 ms MarkObjects: 6.828900 ms  DeleteObjects: 3.610300 ms)

========================================================================
Received Import Request.
  Time since last request: 35.329808 seconds.
  path: Assets/Scenes/TestScene/Player/Scripts/EquipSystem.cs
  artifactKey: Guid(e1b5355c975066c4095db1b854055386) Importer(815301076,1909f56bfc062723c751e8b465ee728b)
Start importing Assets/Scenes/TestScene/Player/Scripts/EquipSystem.cs using Guid(e1b5355c975066c4095db1b854055386) Importer(815301076,1909f56bfc062723c751e8b465ee728b)  -> (artifact id: '8a9bf6da4745a791cc90364b28da8da2') in 0.016204 seconds
  Import took 0.038794 seconds .

========================================================================
Received Import Request.
  Time since last request: 36.906397 seconds.
  path: ProjectSettings/TagManager.asset
  artifactKey: Guid(00000000000000003000000000000000) Importer(815301076,1909f56bfc062723c751e8b465ee728b)
Start importing ProjectSettings/TagManager.asset using Guid(00000000000000003000000000000000) Importer(815301076,1909f56bfc062723c751e8b465ee728b)  -> (artifact id: 'aa8bcfb4600d5bc0bfa7979aef931b5d') in 0.110899 seconds
  Import took 0.143169 seconds .

========================================================================
Received Import Request.
  Time since last request: 0.020076 seconds.
  path: ProjectSettings/TagManager.asset
  artifactKey: Guid(00000000000000003000000000000000) Importer(815301076,1909f56bfc062723c751e8b465ee728b)
Start importing ProjectSettings/TagManager.asset using Guid(00000000000000003000000000000000) Importer(815301076,1909f56bfc062723c751e8b465ee728b)  -> (artifact id: 'aa8bcfb4600d5bc0bfa7979aef931b5d') in 0.008844 seconds
  Import took 0.020680 seconds .

========================================================================
Received Import Request.
  Time since last request: 55.405136 seconds.
  path: Assets/Scenes/TestScene/Player/Scripts/ObjectDetector.cs
  artifactKey: Guid(87c14c0784b23874296eae0d692ec2d5) Importer(815301076,1909f56bfc062723c751e8b465ee728b)
Start importing Assets/Scenes/TestScene/Player/Scripts/ObjectDetector.cs using Guid(87c14c0784b23874296eae0d692ec2d5) Importer(815301076,1909f56bfc062723c751e8b465ee728b)  -> (artifact id: '9c6d2537621ac5073c57ccc3e05afdbb') in 0.006052 seconds
  Import took 0.046838 seconds .

========================================================================
Received Prepare
Registering precompiled user dll's ...
Registered in 0.002917 seconds.
Begin MonoManager ReloadAssembly
Native extension for WindowsStandalone target not found
Refreshing native plugins compatible for Editor in 1.24 ms, found 0 plugins.
Preloading 0 native plugins for Editor in 0.00 ms.
Invoked RoslynAnalysisRunner static constructor.
RoslynAnalysisRunner will not be running.
RoslynAnalysisRunner has terminated.
Mono: successfully reloaded assembly
- Completed reload, in  2.027 seconds
Platform modules already initialized, skipping
Shader 'Universal Render Pipeline/Particles/Lit': fallback shader 'Universal Render Pipeline/Particles/SimpleLit' not found
Shader 'Universal Render Pipeline/Particles/Lit': fallback shader 'Universal Render Pipeline/Particles/SimpleLit' not found
Refreshing native plugins compatible for Editor in 1.66 ms, found 0 plugins.
Preloading 0 native plugins for Editor in 0.00 ms.
Unloading 2713 Unused Serialized files (Serialized files now loaded: 0)
System memory in use before: 128.5 MB.
System memory in use after: 126.2 MB.

Unloading 43 unused Assets to reduce memory usage. Loaded Objects now: 3333.
Total: 9.676000 ms (FindLiveObjects: 0.836400 ms CreateObjectMapping: 0.154100 ms MarkObjects: 5.096100 ms  DeleteObjects: 3.586300 ms)

========================================================================
Received Prepare
Registering precompiled user dll's ...
Registered in 0.004469 seconds.
Begin MonoManager ReloadAssembly
Native extension for WindowsStandalone target not found
Refreshing native plugins compatible for Editor in 1.79 ms, found 0 plugins.
Preloading 0 native plugins for Editor in 0.00 ms.
Invoked RoslynAnalysisRunner static constructor.
RoslynAnalysisRunner will not be running.
RoslynAnalysisRunner has terminated.
Mono: successfully reloaded assembly
- Completed reload, in  2.715 seconds
Platform modules already initialized, skipping
Shader 'Universal Render Pipeline/Particles/Lit': fallback shader 'Universal Render Pipeline/Particles/SimpleLit' not found
Shader 'Universal Render Pipeline/Particles/Lit': fallback shader 'Universal Render Pipeline/Particles/SimpleLit' not found
Refreshing native plugins compatible for Editor in 1.69 ms, found 0 plugins.
Preloading 0 native plugins for Editor in 0.00 ms.
Unloading 2713 Unused Serialized files (Serialized files now loaded: 0)
System memory in use before: 128.5 MB.
System memory in use after: 126.2 MB.

Unloading 41 unused Assets to reduce memory usage. Loaded Objects now: 3336.
Total: 13.157100 ms (FindLiveObjects: 0.853000 ms CreateObjectMapping: 0.406800 ms MarkObjects: 6.012200 ms  DeleteObjects: 5.880000 ms)

========================================================================
Received Prepare
Registering precompiled user dll's ...
Registered in 0.003757 seconds.
Begin MonoManager ReloadAssembly
Native extension for WindowsStandalone target not found
Refreshing native plugins compatible for Editor in 1.20 ms, found 0 plugins.
Preloading 0 native plugins for Editor in 0.00 ms.
Invoked RoslynAnalysisRunner static constructor.
RoslynAnalysisRunner will not be running.
RoslynAnalysisRunner has terminated.
Mono: successfully reloaded assembly
- Completed reload, in  1.982 seconds
Platform modules already initialized, skipping
Shader 'Universal Render Pipeline/Particles/Lit': fallback shader 'Universal Render Pipeline/Particles/SimpleLit' not found
Shader 'Universal Render Pipeline/Particles/Lit': fallback shader 'Universal Render Pipeline/Particles/SimpleLit' not found
Refreshing native plugins compatible for Editor in 1.66 ms, found 0 plugins.
Preloading 0 native plugins for Editor in 0.00 ms.
Unloading 2713 Unused Serialized files (Serialized files now loaded: 0)
System memory in use before: 128.5 MB.
System memory in use after: 126.2 MB.

Unloading 41 unused Assets to reduce memory usage. Loaded Objects now: 3339.
Total: 12.530200 ms (FindLiveObjects: 1.198500 ms CreateObjectMapping: 0.695200 ms MarkObjects: 6.388700 ms  DeleteObjects: 4.243900 ms)

========================================================================
Received Prepare
Registering precompiled user dll's ...
Registered in 0.002850 seconds.
Begin MonoManager ReloadAssembly
Native extension for WindowsStandalone target not found
Refreshing native plugins compatible for Editor in 1.84 ms, found 0 plugins.
Preloading 0 native plugins for Editor in 0.00 ms.
Invoked RoslynAnalysisRunner static constructor.
RoslynAnalysisRunner will not be running.
RoslynAnalysisRunner has terminated.
Mono: successfully reloaded assembly
- Completed reload, in  2.148 seconds
Platform modules already initialized, skipping
Shader 'Universal Render Pipeline/Particles/Lit': fallback shader 'Universal Render Pipeline/Particles/SimpleLit' not found
Shader 'Universal Render Pipeline/Particles/Lit': fallback shader 'Universal Render Pipeline/Particles/SimpleLit' not found
Refreshing native plugins compatible for Editor in 1.13 ms, found 0 plugins.
Preloading 0 native plugins for Editor in 0.00 ms.
Unloading 2713 Unused Serialized files (Serialized files now loaded: 0)
System memory in use before: 128.5 MB.
System memory in use after: 126.3 MB.

Unloading 41 unused Assets to reduce memory usage. Loaded Objects now: 3342.
Total: 16.042800 ms (FindLiveObjects: 1.480200 ms CreateObjectMapping: 0.786400 ms MarkObjects: 8.153400 ms  DeleteObjects: 5.619300 ms)

========================================================================
Received Prepare
Registering precompiled user dll's ...
Registered in 0.006589 seconds.
Begin MonoManager ReloadAssembly
Native extension for WindowsStandalone target not found
Refreshing native plugins compatible for Editor in 1.19 ms, found 0 plugins.
Preloading 0 native plugins for Editor in 0.00 ms.
Invoked RoslynAnalysisRunner static constructor.
RoslynAnalysisRunner will not be running.
RoslynAnalysisRunner has terminated.
Mono: successfully reloaded assembly
- Completed reload, in  2.083 seconds
Platform modules already initialized, skipping
Shader 'Universal Render Pipeline/Particles/Lit': fallback shader 'Universal Render Pipeline/Particles/SimpleLit' not found
Shader 'Universal Render Pipeline/Particles/Lit': fallback shader 'Universal Render Pipeline/Particles/SimpleLit' not found
Refreshing native plugins compatible for Editor in 2.28 ms, found 0 plugins.
Preloading 0 native plugins for Editor in 0.00 ms.
Unloading 2713 Unused Serialized files (Serialized files now loaded: 0)
System memory in use before: 128.5 MB.
System memory in use after: 126.3 MB.

Unloading 41 unused Assets to reduce memory usage. Loaded Objects now: 3345.
Total: 9.854600 ms (FindLiveObjects: 0.803100 ms CreateObjectMapping: 0.196700 ms MarkObjects: 5.108100 ms  DeleteObjects: 3.742500 ms)

========================================================================
Received Prepare
Registering precompiled user dll's ...
Registered in 0.003359 seconds.
Begin MonoManager ReloadAssembly
Native extension for WindowsStandalone target not found
Refreshing native plugins compatible for Editor in 1.22 ms, found 0 plugins.
Preloading 0 native plugins for Editor in 0.00 ms.
Invoked RoslynAnalysisRunner static constructor.
RoslynAnalysisRunner will not be running.
RoslynAnalysisRunner has terminated.
Mono: successfully reloaded assembly
- Completed reload, in  1.930 seconds
Platform modules already initialized, skipping
Shader 'Universal Render Pipeline/Particles/Lit': fallback shader 'Universal Render Pipeline/Particles/SimpleLit' not found
Shader 'Universal Render Pipeline/Particles/Lit': fallback shader 'Universal Render Pipeline/Particles/SimpleLit' not found
Refreshing native plugins compatible for Editor in 1.65 ms, found 0 plugins.
Preloading 0 native plugins for Editor in 0.00 ms.
Unloading 2713 Unused Serialized files (Serialized files now loaded: 0)
System memory in use before: 128.5 MB.
System memory in use after: 126.3 MB.

Unloading 41 unused Assets to reduce memory usage. Loaded Objects now: 3348.
Total: 10.662100 ms (FindLiveObjects: 1.321100 ms CreateObjectMapping: 0.506700 ms MarkObjects: 4.916400 ms  DeleteObjects: 3.912300 ms)

========================================================================
Received Prepare
Registering precompiled user dll's ...
Registered in 0.002850 seconds.
Begin MonoManager ReloadAssembly
Native extension for WindowsStandalone target not found
Refreshing native plugins compatible for Editor in 2.08 ms, found 0 plugins.
Preloading 0 native plugins for Editor in 0.00 ms.
Invoked RoslynAnalysisRunner static constructor.
RoslynAnalysisRunner will not be running.
RoslynAnalysisRunner has terminated.
Mono: successfully reloaded assembly
- Completed reload, in  2.082 seconds
Platform modules already initialized, skipping
Shader 'Universal Render Pipeline/Particles/Lit': fallback shader 'Universal Render Pipeline/Particles/SimpleLit' not found
Shader 'Universal Render Pipeline/Particles/Lit': fallback shader 'Universal Render Pipeline/Particles/SimpleLit' not found
Refreshing native plugins compatible for Editor in 2.43 ms, found 0 plugins.
Preloading 0 native plugins for Editor in 0.00 ms.
Unloading 2713 Unused Serialized files (Serialized files now loaded: 0)
System memory in use before: 128.5 MB.
System memory in use after: 126.3 MB.

Unloading 41 unused Assets to reduce memory usage. Loaded Objects now: 3351.
Total: 21.570000 ms (FindLiveObjects: 2.432200 ms CreateObjectMapping: 1.108400 ms MarkObjects: 12.933400 ms  DeleteObjects: 5.090400 ms)

========================================================================
Received Prepare
Registering precompiled user dll's ...
Registered in 0.002794 seconds.
Begin MonoManager ReloadAssembly
Native extension for WindowsStandalone target not found
Refreshing native plugins compatible for Editor in 1.20 ms, found 0 plugins.
Preloading 0 native plugins for Editor in 0.00 ms.
Invoked RoslynAnalysisRunner static constructor.
RoslynAnalysisRunner will not be running.
RoslynAnalysisRunner has terminated.
Mono: successfully reloaded assembly
- Completed reload, in  1.939 seconds
Platform modules already initialized, skipping
Shader 'Universal Render Pipeline/Particles/Lit': fallback shader 'Universal Render Pipeline/Particles/SimpleLit' not found
Shader 'Universal Render Pipeline/Particles/Lit': fallback shader 'Universal Render Pipeline/Particles/SimpleLit' not found
Refreshing native plugins compatible for Editor in 2.24 ms, found 0 plugins.
Preloading 0 native plugins for Editor in 0.00 ms.
Unloading 2713 Unused Serialized files (Serialized files now loaded: 0)
System memory in use before: 128.6 MB.
System memory in use after: 126.3 MB.

Unloading 41 unused Assets to reduce memory usage. Loaded Objects now: 3354.
Total: 10.591500 ms (FindLiveObjects: 0.766700 ms CreateObjectMapping: 0.123200 ms MarkObjects: 5.632700 ms  DeleteObjects: 4.064000 ms)

========================================================================
Received Prepare
Registering precompiled user dll's ...
Registered in 0.003140 seconds.
Begin MonoManager ReloadAssembly
Native extension for WindowsStandalone target not found
Refreshing native plugins compatible for Editor in 1.58 ms, found 0 plugins.
Preloading 0 native plugins for Editor in 0.00 ms.
Invoked RoslynAnalysisRunner static constructor.
RoslynAnalysisRunner will not be running.
RoslynAnalysisRunner has terminated.
Mono: successfully reloaded assembly
- Completed reload, in  1.981 seconds
Platform modules already initialized, skipping
Shader 'Universal Render Pipeline/Particles/Lit': fallback shader 'Universal Render Pipeline/Particles/SimpleLit' not found
Shader 'Universal Render Pipeline/Particles/Lit': fallback shader 'Universal Render Pipeline/Particles/SimpleLit' not found
Refreshing native plugins compatible for Editor in 1.15 ms, found 0 plugins.
Preloading 0 native plugins for Editor in 0.00 ms.
Unloading 2713 Unused Serialized files (Serialized files now loaded: 0)
System memory in use before: 128.5 MB.
System memory in use after: 126.3 MB.

Unloading 41 unused Assets to reduce memory usage. Loaded Objects now: 3357.
Total: 11.448100 ms (FindLiveObjects: 0.970000 ms CreateObjectMapping: 0.177900 ms MarkObjects: 6.101500 ms  DeleteObjects: 4.195600 ms)

========================================================================
Received Prepare
Registering precompiled user dll's ...
Registered in 0.002583 seconds.
Begin MonoManager ReloadAssembly
Native extension for WindowsStandalone target not found
Refreshing native plugins compatible for Editor in 1.62 ms, found 0 plugins.
Preloading 0 native plugins for Editor in 0.00 ms.
Invoked RoslynAnalysisRunner static constructor.
RoslynAnalysisRunner will not be running.
RoslynAnalysisRunner has terminated.
Mono: successfully reloaded assembly
- Completed reload, in  1.837 seconds
Platform modules already initialized, skipping
Shader 'Universal Render Pipeline/Particles/Lit': fallback shader 'Universal Render Pipeline/Particles/SimpleLit' not found
Shader 'Universal Render Pipeline/Particles/Lit': fallback shader 'Universal Render Pipeline/Particles/SimpleLit' not found
Refreshing native plugins compatible for Editor in 1.88 ms, found 0 plugins.
Preloading 0 native plugins for Editor in 0.00 ms.
Unloading 2713 Unused Serialized files (Serialized files now loaded: 0)
System memory in use before: 128.5 MB.
System memory in use after: 126.3 MB.

Unloading 41 unused Assets to reduce memory usage. Loaded Objects now: 3360.
Total: 10.008200 ms (FindLiveObjects: 0.876200 ms CreateObjectMapping: 0.256400 ms MarkObjects: 5.303900 ms  DeleteObjects: 3.567400 ms)

========================================================================
Received Prepare
Registering precompiled user dll's ...
Registered in 0.002729 seconds.
Begin MonoManager ReloadAssembly
Native extension for WindowsStandalone target not found
Refreshing native plugins compatible for Editor in 2.03 ms, found 0 plugins.
Preloading 0 native plugins for Editor in 0.00 ms.
Invoked RoslynAnalysisRunner static constructor.
RoslynAnalysisRunner will not be running.
RoslynAnalysisRunner has terminated.
Mono: successfully reloaded assembly
- Completed reload, in  1.759 seconds
Platform modules already initialized, skipping
Shader 'Universal Render Pipeline/Particles/Lit': fallback shader 'Universal Render Pipeline/Particles/SimpleLit' not found
Shader 'Universal Render Pipeline/Particles/Lit': fallback shader 'Universal Render Pipeline/Particles/SimpleLit' not found
Refreshing native plugins compatible for Editor in 4.94 ms, found 0 plugins.
Preloading 0 native plugins for Editor in 0.00 ms.
Unloading 2713 Unused Serialized files (Serialized files now loaded: 0)
System memory in use before: 128.5 MB.
System memory in use after: 126.3 MB.

Unloading 41 unused Assets to reduce memory usage. Loaded Objects now: 3363.
Total: 17.422400 ms (FindLiveObjects: 0.970800 ms CreateObjectMapping: 0.181000 ms MarkObjects: 10.722300 ms  DeleteObjects: 5.543600 ms)

AssetImportWorkerClient::OnTransportError - code=2 error=End of file
