Using pre-set license
Built from '2020.2/staging' branch; Version is '2020.2.7f1 (c53830e277f1) revision 12924976'; Using compiler version '192528614'; Build Type 'Release'
OS: 'Windows 10 Home Single Language; OS build 19042.1165; Version 2009; 64bit' Language: 'en' Physical Memory: 7617 MB
BatchMode: 1, IsHumanControllingUs: 0, StartBugReporterOnCrash: 0, Is64bit: 1, IsPro: 0

 COMMAND LINE ARGUMENTS:
D:\Unity\2020.2.7f1\Editor\Unity.exe
-adb2
-batchMode
-noUpm
-name
AssetImportWorker0
-projectPath
E:/Unity Projects/FPS Arms
-logFile
Logs/AssetImportWorker0.log
-srvPort
61062
Successfully changed project path to: E:/Unity Projects/FPS Arms
E:/Unity Projects/FPS Arms
Using Asset Import Pipeline V2.
Refreshing native plugins compatible for Editor in 63.66 ms, found 0 plugins.
Preloading 0 native plugins for Editor in 0.00 ms.
Initialize engine version: 2020.2.7f1 (c53830e277f1)
[Subsystems] Discovering subsystems at path D:/Unity/2020.2.7f1/Editor/Data/Resources/UnitySubsystems
[Subsystems] Discovering subsystems at path E:/Unity Projects/FPS Arms/Assets
GfxDevice: creating device client; threaded=0
Direct3D:
    Version:  Direct3D 11.0 [level 11.1]
    Renderer: NVIDIA GeForce GTX 1650 (ID=0x1f91)
    Vendor:   
    VRAM:     3962 MB
    Driver:   27.21.14.6677
Initialize mono
Mono path[0] = 'D:/Unity/2020.2.7f1/Editor/Data/Managed'
Mono path[1] = 'D:/Unity/2020.2.7f1/Editor/Data/MonoBleedingEdge/lib/mono/unityjit'
Mono config path = 'D:/Unity/2020.2.7f1/Editor/Data/MonoBleedingEdge/etc'
Using monoOptions --debugger-agent=transport=dt_socket,embedding=1,server=y,suspend=n,address=127.0.0.1:56608
Begin MonoManager ReloadAssembly
Registering precompiled unity dll's ...
Register platform support module: D:/Unity/2020.2.7f1/Editor/Data/PlaybackEngines/WindowsStandaloneSupport/UnityEditor.WindowsStandalone.Extensions.dll
Registered in 0.001351 seconds.
Native extension for WindowsStandalone target not found
Refreshing native plugins compatible for Editor in 61.75 ms, found 0 plugins.
Preloading 0 native plugins for Editor in 0.00 ms.
Invoked RoslynAnalysisRunner static constructor.
RoslynAnalysisRunner will not be running.
RoslynAnalysisRunner has terminated.
Mono: successfully reloaded assembly
- Completed reload, in  1.828 seconds
Platform modules already initialized, skipping
Registering precompiled user dll's ...
Registered in 0.001762 seconds.
Begin MonoManager ReloadAssembly
Native extension for WindowsStandalone target not found
Refreshing native plugins compatible for Editor in 65.37 ms, found 0 plugins.
Preloading 0 native plugins for Editor in 0.00 ms.
Invoked RoslynAnalysisRunner static constructor.
RoslynAnalysisRunner will not be running.
RoslynAnalysisRunner has terminated.
Mono: successfully reloaded assembly
- Completed reload, in  1.188 seconds
Platform modules already initialized, skipping
========================================================================
Worker process is ready to serve import requests
Shader 'Universal Render Pipeline/Particles/Lit': fallback shader 'Universal Render Pipeline/Particles/SimpleLit' not found
Shader 'Universal Render Pipeline/Particles/Lit': fallback shader 'Universal Render Pipeline/Particles/SimpleLit' not found
Launched and connected shader compiler UnityShaderCompiler.exe after 0.34 seconds
Refreshing native plugins compatible for Editor in 0.75 ms, found 0 plugins.
Preloading 0 native plugins for Editor in 0.00 ms.
Unloading 2811 Unused Serialized files (Serialized files now loaded: 0)
System memory in use before: 128.2 MB.
System memory in use after: 125.9 MB.

Unloading 46 unused Assets to reduce memory usage. Loaded Objects now: 3223.
Total: 6.210200 ms (FindLiveObjects: 0.697600 ms CreateObjectMapping: 0.286900 ms MarkObjects: 3.226700 ms  DeleteObjects: 1.996800 ms)

========================================================================
Received Import Request.
  path: Assets/Scenes/TestScene/Player/Scripts/EquipSystem.cs
  artifactKey: Guid(e1b5355c975066c4095db1b854055386) Importer(815301076,1909f56bfc062723c751e8b465ee728b)
Start importing Assets/Scenes/TestScene/Player/Scripts/EquipSystem.cs using Guid(e1b5355c975066c4095db1b854055386) Importer(815301076,1909f56bfc062723c751e8b465ee728b)  -> (artifact id: 'b6fb364537b7a3e3519c35373ff12bfb') in 0.426277 seconds
  Import took 0.735052 seconds .

========================================================================
Received Prepare
Registering precompiled user dll's ...
Registered in 0.002004 seconds.
Begin MonoManager ReloadAssembly
Native extension for WindowsStandalone target not found
Refreshing native plugins compatible for Editor in 0.56 ms, found 0 plugins.
Preloading 0 native plugins for Editor in 0.00 ms.
Invoked RoslynAnalysisRunner static constructor.
RoslynAnalysisRunner will not be running.
RoslynAnalysisRunner has terminated.
Mono: successfully reloaded assembly
- Completed reload, in  1.146 seconds
Platform modules already initialized, skipping
Shader 'Universal Render Pipeline/Particles/Lit': fallback shader 'Universal Render Pipeline/Particles/SimpleLit' not found
Shader 'Universal Render Pipeline/Particles/Lit': fallback shader 'Universal Render Pipeline/Particles/SimpleLit' not found
Refreshing native plugins compatible for Editor in 0.58 ms, found 0 plugins.
Preloading 0 native plugins for Editor in 0.00 ms.
Unloading 2714 Unused Serialized files (Serialized files now loaded: 0)
System memory in use before: 123.2 MB.
System memory in use after: 120.9 MB.

Unloading 41 unused Assets to reduce memory usage. Loaded Objects now: 3227.
Total: 5.204800 ms (FindLiveObjects: 0.511900 ms CreateObjectMapping: 0.134800 ms MarkObjects: 2.646700 ms  DeleteObjects: 1.906900 ms)

========================================================================
Received Import Request.
  Time since last request: 139.095047 seconds.
  path: Assets/Scenes/TestScene/Player/Scripts/NewBehaviourScript.cs
  artifactKey: Guid(8159eccfbd57a894c8c49f0c7cb4ee2c) Importer(815301076,1909f56bfc062723c751e8b465ee728b)
Start importing Assets/Scenes/TestScene/Player/Scripts/NewBehaviourScript.cs using Guid(8159eccfbd57a894c8c49f0c7cb4ee2c) Importer(815301076,1909f56bfc062723c751e8b465ee728b)  -> (artifact id: '9744410253c582bacb51a89802e5765d') in 0.012670 seconds
  Import took 0.149013 seconds .

========================================================================
Received Prepare
Registering precompiled user dll's ...
Registered in 0.001396 seconds.
Begin MonoManager ReloadAssembly
Native extension for WindowsStandalone target not found
Refreshing native plugins compatible for Editor in 0.57 ms, found 0 plugins.
Preloading 0 native plugins for Editor in 0.00 ms.
Invoked RoslynAnalysisRunner static constructor.
RoslynAnalysisRunner will not be running.
RoslynAnalysisRunner has terminated.
Mono: successfully reloaded assembly
- Completed reload, in  1.156 seconds
Platform modules already initialized, skipping
Shader 'Universal Render Pipeline/Particles/Lit': fallback shader 'Universal Render Pipeline/Particles/SimpleLit' not found
Shader 'Universal Render Pipeline/Particles/Lit': fallback shader 'Universal Render Pipeline/Particles/SimpleLit' not found
Refreshing native plugins compatible for Editor in 0.64 ms, found 0 plugins.
Preloading 0 native plugins for Editor in 0.00 ms.
Unloading 2713 Unused Serialized files (Serialized files now loaded: 0)
System memory in use before: 123.2 MB.
System memory in use after: 121.0 MB.

Unloading 42 unused Assets to reduce memory usage. Loaded Objects now: 3229.
Total: 5.986700 ms (FindLiveObjects: 0.543200 ms CreateObjectMapping: 0.161500 ms MarkObjects: 3.171600 ms  DeleteObjects: 2.107600 ms)

========================================================================
Received Import Request.
  Time since last request: 66.940819 seconds.
  path: Assets/Scenes/TestScene/Player/Scripts/Pistol.cs
  artifactKey: Guid(b74223402b0146144bb6fe35513c01cd) Importer(815301076,1909f56bfc062723c751e8b465ee728b)
Start importing Assets/Scenes/TestScene/Player/Scripts/Pistol.cs using Guid(b74223402b0146144bb6fe35513c01cd) Importer(815301076,1909f56bfc062723c751e8b465ee728b)  -> (artifact id: '01d6d01ce85d146ca0b74d6501ca1f5b') in 0.017325 seconds
  Import took 0.400300 seconds .

========================================================================
Received Prepare
Registering precompiled user dll's ...
Registered in 0.001466 seconds.
Begin MonoManager ReloadAssembly
Native extension for WindowsStandalone target not found
Refreshing native plugins compatible for Editor in 0.76 ms, found 0 plugins.
Preloading 0 native plugins for Editor in 0.00 ms.
Invoked RoslynAnalysisRunner static constructor.
RoslynAnalysisRunner will not be running.
RoslynAnalysisRunner has terminated.
Mono: successfully reloaded assembly
- Completed reload, in  1.172 seconds
Platform modules already initialized, skipping
Shader 'Universal Render Pipeline/Particles/Lit': fallback shader 'Universal Render Pipeline/Particles/SimpleLit' not found
Shader 'Universal Render Pipeline/Particles/Lit': fallback shader 'Universal Render Pipeline/Particles/SimpleLit' not found
Refreshing native plugins compatible for Editor in 0.58 ms, found 0 plugins.
Preloading 0 native plugins for Editor in 0.00 ms.
Unloading 2714 Unused Serialized files (Serialized files now loaded: 0)
System memory in use before: 123.2 MB.
System memory in use after: 121.0 MB.

Unloading 41 unused Assets to reduce memory usage. Loaded Objects now: 3233.
Total: 7.444100 ms (FindLiveObjects: 0.484900 ms CreateObjectMapping: 0.171800 ms MarkObjects: 4.181400 ms  DeleteObjects: 2.603200 ms)

========================================================================
Received Import Request.
  Time since last request: 133.196584 seconds.
  path: Assets/Scenes/TestScene/Player/Scripts/Pistol.cs
  artifactKey: Guid(b74223402b0146144bb6fe35513c01cd) Importer(815301076,1909f56bfc062723c751e8b465ee728b)
Start importing Assets/Scenes/TestScene/Player/Scripts/Pistol.cs using Guid(b74223402b0146144bb6fe35513c01cd) Importer(815301076,1909f56bfc062723c751e8b465ee728b)  -> (artifact id: 'd85877574566070af616ee98fd953f13') in 0.011689 seconds
  Import took 0.127650 seconds .

========================================================================
Received Prepare
Registering precompiled user dll's ...
Registered in 0.002050 seconds.
Begin MonoManager ReloadAssembly
Native extension for WindowsStandalone target not found
Refreshing native plugins compatible for Editor in 0.61 ms, found 0 plugins.
Preloading 0 native plugins for Editor in 0.00 ms.
Invoked RoslynAnalysisRunner static constructor.
RoslynAnalysisRunner will not be running.
RoslynAnalysisRunner has terminated.
Mono: successfully reloaded assembly
- Completed reload, in  1.234 seconds
Platform modules already initialized, skipping
Shader 'Universal Render Pipeline/Particles/Lit': fallback shader 'Universal Render Pipeline/Particles/SimpleLit' not found
Shader 'Universal Render Pipeline/Particles/Lit': fallback shader 'Universal Render Pipeline/Particles/SimpleLit' not found
Refreshing native plugins compatible for Editor in 0.61 ms, found 0 plugins.
Preloading 0 native plugins for Editor in 0.00 ms.
Unloading 2714 Unused Serialized files (Serialized files now loaded: 0)
System memory in use before: 123.3 MB.
System memory in use after: 121.0 MB.

Unloading 41 unused Assets to reduce memory usage. Loaded Objects now: 3236.
Total: 7.518000 ms (FindLiveObjects: 0.588900 ms CreateObjectMapping: 0.248200 ms MarkObjects: 4.529100 ms  DeleteObjects: 2.149600 ms)

========================================================================
Received Import Request.
  Time since last request: 162.692492 seconds.
  path: Assets/Scenes/TestScene/Player/Scripts/Pistol.cs
  artifactKey: Guid(b74223402b0146144bb6fe35513c01cd) Importer(815301076,1909f56bfc062723c751e8b465ee728b)
Start importing Assets/Scenes/TestScene/Player/Scripts/Pistol.cs using Guid(b74223402b0146144bb6fe35513c01cd) Importer(815301076,1909f56bfc062723c751e8b465ee728b)  -> (artifact id: '865174145b276f171d989c7a35b60c7b') in 0.008392 seconds
  Import took 0.128274 seconds .

========================================================================
Received Import Request.
  Time since last request: 459.279516 seconds.
  path: Assets/Scenes/TestScene/Player/Scripts/Pistol.cs
  artifactKey: Guid(b74223402b0146144bb6fe35513c01cd) Importer(815301076,1909f56bfc062723c751e8b465ee728b)
Start importing Assets/Scenes/TestScene/Player/Scripts/Pistol.cs using Guid(b74223402b0146144bb6fe35513c01cd) Importer(815301076,1909f56bfc062723c751e8b465ee728b)  -> (artifact id: '074f9b396fc54be756eb1ee61b14b4b2') in 0.011858 seconds
  Import took 0.136292 seconds .

========================================================================
Received Prepare
Registering precompiled user dll's ...
Registered in 0.001641 seconds.
Begin MonoManager ReloadAssembly
Native extension for WindowsStandalone target not found
Refreshing native plugins compatible for Editor in 0.58 ms, found 0 plugins.
Preloading 0 native plugins for Editor in 0.00 ms.
Invoked RoslynAnalysisRunner static constructor.
RoslynAnalysisRunner will not be running.
RoslynAnalysisRunner has terminated.
Mono: successfully reloaded assembly
- Completed reload, in  1.069 seconds
Platform modules already initialized, skipping
Shader 'Universal Render Pipeline/Particles/Lit': fallback shader 'Universal Render Pipeline/Particles/SimpleLit' not found
Shader 'Universal Render Pipeline/Particles/Lit': fallback shader 'Universal Render Pipeline/Particles/SimpleLit' not found
Refreshing native plugins compatible for Editor in 0.68 ms, found 0 plugins.
Preloading 0 native plugins for Editor in 0.00 ms.
Unloading 2714 Unused Serialized files (Serialized files now loaded: 0)
System memory in use before: 123.3 MB.
System memory in use after: 121.0 MB.

Unloading 41 unused Assets to reduce memory usage. Loaded Objects now: 3239.
Total: 7.844300 ms (FindLiveObjects: 0.523200 ms CreateObjectMapping: 0.131500 ms MarkObjects: 4.755500 ms  DeleteObjects: 2.431900 ms)

========================================================================
Received Import Request.
  Time since last request: 669.130632 seconds.
  path: Assets/Scenes/TestScene/Player/Scripts/Pistol.cs
  artifactKey: Guid(b74223402b0146144bb6fe35513c01cd) Importer(815301076,1909f56bfc062723c751e8b465ee728b)
Start importing Assets/Scenes/TestScene/Player/Scripts/Pistol.cs using Guid(b74223402b0146144bb6fe35513c01cd) Importer(815301076,1909f56bfc062723c751e8b465ee728b)  -> (artifact id: 'bb6dbbf5030d6c0863b15e6ebc2245b6') in 0.008207 seconds
  Import took 0.106262 seconds .

========================================================================
Received Prepare
Registering precompiled user dll's ...
Registered in 0.001449 seconds.
Begin MonoManager ReloadAssembly
Native extension for WindowsStandalone target not found
Refreshing native plugins compatible for Editor in 1.41 ms, found 0 plugins.
Preloading 0 native plugins for Editor in 0.00 ms.
Invoked RoslynAnalysisRunner static constructor.
RoslynAnalysisRunner will not be running.
RoslynAnalysisRunner has terminated.
Mono: successfully reloaded assembly
- Completed reload, in  1.211 seconds
Platform modules already initialized, skipping
Shader 'Universal Render Pipeline/Particles/Lit': fallback shader 'Universal Render Pipeline/Particles/SimpleLit' not found
Shader 'Universal Render Pipeline/Particles/Lit': fallback shader 'Universal Render Pipeline/Particles/SimpleLit' not found
Refreshing native plugins compatible for Editor in 0.88 ms, found 0 plugins.
Preloading 0 native plugins for Editor in 0.00 ms.
Unloading 2714 Unused Serialized files (Serialized files now loaded: 0)
System memory in use before: 123.3 MB.
System memory in use after: 121.1 MB.

Unloading 41 unused Assets to reduce memory usage. Loaded Objects now: 3242.
Total: 5.811500 ms (FindLiveObjects: 0.443000 ms CreateObjectMapping: 0.207300 ms MarkObjects: 2.989200 ms  DeleteObjects: 2.169500 ms)

========================================================================
Received Prepare
Registering precompiled user dll's ...
Registered in 0.001375 seconds.
Begin MonoManager ReloadAssembly
Native extension for WindowsStandalone target not found
Refreshing native plugins compatible for Editor in 0.58 ms, found 0 plugins.
Preloading 0 native plugins for Editor in 0.00 ms.
Invoked RoslynAnalysisRunner static constructor.
RoslynAnalysisRunner will not be running.
RoslynAnalysisRunner has terminated.
Mono: successfully reloaded assembly
- Completed reload, in  2.179 seconds
Platform modules already initialized, skipping
Shader 'Universal Render Pipeline/Particles/Lit': fallback shader 'Universal Render Pipeline/Particles/SimpleLit' not found
Shader 'Universal Render Pipeline/Particles/Lit': fallback shader 'Universal Render Pipeline/Particles/SimpleLit' not found
Refreshing native plugins compatible for Editor in 0.64 ms, found 0 plugins.
Preloading 0 native plugins for Editor in 0.00 ms.
Unloading 2714 Unused Serialized files (Serialized files now loaded: 0)
System memory in use before: 123.3 MB.
System memory in use after: 121.1 MB.

Unloading 41 unused Assets to reduce memory usage. Loaded Objects now: 3245.
Total: 4.905400 ms (FindLiveObjects: 0.455600 ms CreateObjectMapping: 0.102700 ms MarkObjects: 2.381800 ms  DeleteObjects: 1.963700 ms)

AssetImportWorkerClient::OnTransportError - code=2 error=End of file
